<?xml version="1.0" encoding="UTF-8"?>
<testsuite name="com.example.topups.infrastructure.controllers.TopUpControllerTest" tests="5" skipped="0" failures="0" errors="0" timestamp="2024-09-10T10:38:52" hostname="jhoto" time="0.389">
  <properties/>
  <testcase name="shouldPerformTopUpSuccessfully()" classname="com.example.topups.infrastructure.controllers.TopUpControllerTest" time="0.367"/>
  <testcase name="shouldReturnTopUpsByOperatorSuccessfully()" classname="com.example.topups.infrastructure.controllers.TopUpControllerTest" time="0.004"/>
  <testcase name="shouldReturnTopUpsByUserSuccessfully()" classname="com.example.topups.infrastructure.controllers.TopUpControllerTest" time="0.003"/>
  <testcase name="shouldHandleCustomExceptionDuringTopUp()" classname="com.example.topups.infrastructure.controllers.TopUpControllerTest" time="0.008"/>
  <testcase name="shouldReturnAllTopUpsSuccessfully()" classname="com.example.topups.infrastructure.controllers.TopUpControllerTest" time="0.003"/>
  <system-out><![CDATA[05:38:52.400 [Test worker] INFO com.example.topups.infrastructure.controllers.TopUpController -- Iniciando el proceso de recarga para el usuario con ID: 1 y los siguientes datos: TopUpRequestDTO(amount=5000.0, numberPhone=1234567890, operatorId=1)
05:38:52.404 [Test worker] INFO com.example.topups.infrastructure.controllers.dto.request.TopUpRequestDTO -- Iniciando la conversión de TopUpRequestDTO a modelo TopUp. Datos: monto=5000.0, número de teléfono=1234567890, operadorId=1
05:38:52.405 [Test worker] INFO com.example.topups.infrastructure.controllers.dto.request.TopUpRequestDTO -- Conversión de TopUpRequestDTO completada. Modelo TopUp: TopUp(id=null, amount=5000.0, date=null, numberPhone=1234567890, userId=null, operatorId=1)
05:38:52.409 [Test worker] INFO com.example.topups.infrastructure.controllers.TopUpController -- Recarga realizada exitosamente para el usuario con ID: 1. Monto=5000.0, número de teléfono=1234567890, operadorId=1
05:38:52.424 [Test worker] INFO com.example.topups.infrastructure.controllers.TopUpController -- Iniciando consulta de recargas para el operador con ID: 1
05:38:52.425 [Test worker] INFO com.example.topups.infrastructure.controllers.dto.response.TopUpResponseDTO -- Iniciando conversión de la entidad TopUp a TopUpResponseDTO para la recarga con ID: 1
05:38:52.425 [Test worker] INFO com.example.topups.infrastructure.controllers.dto.response.TopUpResponseDTO -- Conversión exitosa: Monto=5000.0, Número de Teléfono=1234567890, UserId=null, OperatorId=1
05:38:52.425 [Test worker] INFO com.example.topups.infrastructure.controllers.TopUpController -- Consulta de recargas por operador exitosa. Total de recargas: 1
05:38:52.430 [Test worker] INFO com.example.topups.infrastructure.controllers.TopUpController -- Iniciando consulta de recargas para el usuario con ID: 1
05:38:52.431 [Test worker] INFO com.example.topups.infrastructure.controllers.dto.response.TopUpResponseDTO -- Iniciando conversión de la entidad TopUp a TopUpResponseDTO para la recarga con ID: 1
05:38:52.431 [Test worker] INFO com.example.topups.infrastructure.controllers.dto.response.TopUpResponseDTO -- Conversión exitosa: Monto=5000.0, Número de Teléfono=1234567890, UserId=null, OperatorId=1
05:38:52.431 [Test worker] INFO com.example.topups.infrastructure.controllers.TopUpController -- Consulta de recargas por usuario exitosa. Total de recargas: 1
05:38:52.434 [Test worker] ERROR com.example.topups.infrastructure.config.exception.CustomException -- Error CustomException: code:400, message:El operador no existe
05:38:52.435 [Test worker] INFO com.example.topups.infrastructure.controllers.TopUpController -- Iniciando el proceso de recarga para el usuario con ID: 1 y los siguientes datos: TopUpRequestDTO(amount=5000.0, numberPhone=1234567890, operatorId=1)
05:38:52.436 [Test worker] INFO com.example.topups.infrastructure.controllers.dto.request.TopUpRequestDTO -- Iniciando la conversión de TopUpRequestDTO a modelo TopUp. Datos: monto=5000.0, número de teléfono=1234567890, operadorId=1
05:38:52.436 [Test worker] INFO com.example.topups.infrastructure.controllers.dto.request.TopUpRequestDTO -- Conversión de TopUpRequestDTO completada. Modelo TopUp: TopUp(id=null, amount=5000.0, date=null, numberPhone=1234567890, userId=null, operatorId=1)
05:38:52.436 [Test worker] ERROR com.example.topups.infrastructure.controllers.TopUpController -- Error al realizar la recarga. Detalle: El operador no existe
com.example.topups.infrastructure.config.exception.CustomException: El operador no existe
	at com.example.topups.infrastructure.controllers.TopUpController.performTopUp(TopUpController.java:46)
	at com.example.topups.infrastructure.controllers.TopUpControllerTest.shouldHandleCustomExceptionDuringTopUp(TopUpControllerTest.java:94)
	at java.base/jdk.internal.reflect.NativeMethodAccessorImpl.invoke0(Native Method)
	at java.base/jdk.internal.reflect.NativeMethodAccessorImpl.invoke(NativeMethodAccessorImpl.java:77)
	at java.base/jdk.internal.reflect.DelegatingMethodAccessorImpl.invoke(DelegatingMethodAccessorImpl.java:43)
	at java.base/java.lang.reflect.Method.invoke(Method.java:568)
	at org.junit.platform.commons.util.ReflectionUtils.invokeMethod(ReflectionUtils.java:728)
	at org.junit.jupiter.engine.execution.MethodInvocation.proceed(MethodInvocation.java:60)
	at org.junit.jupiter.engine.execution.InvocationInterceptorChain$ValidatingInvocation.proceed(InvocationInterceptorChain.java:131)
	at org.junit.jupiter.engine.extension.TimeoutExtension.intercept(TimeoutExtension.java:149)
	at org.junit.jupiter.engine.extension.TimeoutExtension.interceptTestableMethod(TimeoutExtension.java:140)
	at org.junit.jupiter.engine.extension.TimeoutExtension.interceptTestMethod(TimeoutExtension.java:84)
	at org.junit.jupiter.engine.execution.ExecutableInvoker$ReflectiveInterceptorCall.lambda$ofVoidMethod$0(ExecutableInvoker.java:115)
	at org.junit.jupiter.engine.execution.ExecutableInvoker.lambda$invoke$0(ExecutableInvoker.java:105)
	at org.junit.jupiter.engine.execution.InvocationInterceptorChain$InterceptedInvocation.proceed(InvocationInterceptorChain.java:106)
	at org.junit.jupiter.engine.execution.InvocationInterceptorChain.proceed(InvocationInterceptorChain.java:64)
	at org.junit.jupiter.engine.execution.InvocationInterceptorChain.chainAndInvoke(InvocationInterceptorChain.java:45)
	at org.junit.jupiter.engine.execution.InvocationInterceptorChain.invoke(InvocationInterceptorChain.java:37)
	at org.junit.jupiter.engine.execution.ExecutableInvoker.invoke(ExecutableInvoker.java:104)
	at org.junit.jupiter.engine.execution.ExecutableInvoker.invoke(ExecutableInvoker.java:98)
	at org.junit.jupiter.engine.descriptor.TestMethodTestDescriptor.lambda$invokeTestMethod$6(TestMethodTestDescriptor.java:210)
	at org.junit.platform.engine.support.hierarchical.ThrowableCollector.execute(ThrowableCollector.java:73)
	at org.junit.jupiter.engine.descriptor.TestMethodTestDescriptor.invokeTestMethod(TestMethodTestDescriptor.java:206)
	at org.junit.jupiter.engine.descriptor.TestMethodTestDescriptor.execute(TestMethodTestDescriptor.java:131)
	at org.junit.jupiter.engine.descriptor.TestMethodTestDescriptor.execute(TestMethodTestDescriptor.java:65)
	at org.junit.platform.engine.support.hierarchical.NodeTestTask.lambda$executeRecursively$6(NodeTestTask.java:151)
	at org.junit.platform.engine.support.hierarchical.ThrowableCollector.execute(ThrowableCollector.java:73)
	at org.junit.platform.engine.support.hierarchical.NodeTestTask.lambda$executeRecursively$8(NodeTestTask.java:141)
	at org.junit.platform.engine.support.hierarchical.Node.around(Node.java:137)
	at org.junit.platform.engine.support.hierarchical.NodeTestTask.lambda$executeRecursively$9(NodeTestTask.java:139)
	at org.junit.platform.engine.support.hierarchical.ThrowableCollector.execute(ThrowableCollector.java:73)
	at org.junit.platform.engine.support.hierarchical.NodeTestTask.executeRecursively(NodeTestTask.java:138)
	at org.junit.platform.engine.support.hierarchical.NodeTestTask.execute(NodeTestTask.java:95)
	at java.base/java.util.ArrayList.forEach(ArrayList.java:1511)
	at org.junit.platform.engine.support.hierarchical.SameThreadHierarchicalTestExecutorService.invokeAll(SameThreadHierarchicalTestExecutorService.java:41)
	at org.junit.platform.engine.support.hierarchical.NodeTestTask.lambda$executeRecursively$6(NodeTestTask.java:155)
	at org.junit.platform.engine.support.hierarchical.ThrowableCollector.execute(ThrowableCollector.java:73)
	at org.junit.platform.engine.support.hierarchical.NodeTestTask.lambda$executeRecursively$8(NodeTestTask.java:141)
	at org.junit.platform.engine.support.hierarchical.Node.around(Node.java:137)
	at org.junit.platform.engine.support.hierarchical.NodeTestTask.lambda$executeRecursively$9(NodeTestTask.java:139)
	at org.junit.platform.engine.support.hierarchical.ThrowableCollector.execute(ThrowableCollector.java:73)
	at org.junit.platform.engine.support.hierarchical.NodeTestTask.executeRecursively(NodeTestTask.java:138)
	at org.junit.platform.engine.support.hierarchical.NodeTestTask.execute(NodeTestTask.java:95)
	at java.base/java.util.ArrayList.forEach(ArrayList.java:1511)
	at org.junit.platform.engine.support.hierarchical.SameThreadHierarchicalTestExecutorService.invokeAll(SameThreadHierarchicalTestExecutorService.java:41)
	at org.junit.platform.engine.support.hierarchical.NodeTestTask.lambda$executeRecursively$6(NodeTestTask.java:155)
	at org.junit.platform.engine.support.hierarchical.ThrowableCollector.execute(ThrowableCollector.java:73)
	at org.junit.platform.engine.support.hierarchical.NodeTestTask.lambda$executeRecursively$8(NodeTestTask.java:141)
	at org.junit.platform.engine.support.hierarchical.Node.around(Node.java:137)
	at org.junit.platform.engine.support.hierarchical.NodeTestTask.lambda$executeRecursively$9(NodeTestTask.java:139)
	at org.junit.platform.engine.support.hierarchical.ThrowableCollector.execute(ThrowableCollector.java:73)
	at org.junit.platform.engine.support.hierarchical.NodeTestTask.executeRecursively(NodeTestTask.java:138)
	at org.junit.platform.engine.support.hierarchical.NodeTestTask.execute(NodeTestTask.java:95)
	at org.junit.platform.engine.support.hierarchical.SameThreadHierarchicalTestExecutorService.submit(SameThreadHierarchicalTestExecutorService.java:35)
	at org.junit.platform.engine.support.hierarchical.HierarchicalTestExecutor.execute(HierarchicalTestExecutor.java:57)
	at org.junit.platform.engine.support.hierarchical.HierarchicalTestEngine.execute(HierarchicalTestEngine.java:54)
	at org.junit.platform.launcher.core.EngineExecutionOrchestrator.execute(EngineExecutionOrchestrator.java:198)
	at org.junit.platform.launcher.core.EngineExecutionOrchestrator.execute(EngineExecutionOrchestrator.java:169)
	at org.junit.platform.launcher.core.EngineExecutionOrchestrator.execute(EngineExecutionOrchestrator.java:93)
	at org.junit.platform.launcher.core.EngineExecutionOrchestrator.lambda$execute$0(EngineExecutionOrchestrator.java:58)
	at org.junit.platform.launcher.core.EngineExecutionOrchestrator.withInterceptedStreams(EngineExecutionOrchestrator.java:141)
	at org.junit.platform.launcher.core.EngineExecutionOrchestrator.execute(EngineExecutionOrchestrator.java:57)
	at org.junit.platform.launcher.core.DefaultLauncher.execute(DefaultLauncher.java:103)
	at org.junit.platform.launcher.core.DefaultLauncher.execute(DefaultLauncher.java:85)
	at org.junit.platform.launcher.core.DelegatingLauncher.execute(DelegatingLauncher.java:47)
	at org.gradle.api.internal.tasks.testing.junitplatform.JUnitPlatformTestClassProcessor$CollectAllTestClassesExecutor.processAllTestClasses(JUnitPlatformTestClassProcessor.java:124)
	at org.gradle.api.internal.tasks.testing.junitplatform.JUnitPlatformTestClassProcessor$CollectAllTestClassesExecutor.access$000(JUnitPlatformTestClassProcessor.java:99)
	at org.gradle.api.internal.tasks.testing.junitplatform.JUnitPlatformTestClassProcessor.stop(JUnitPlatformTestClassProcessor.java:94)
	at org.gradle.api.internal.tasks.testing.SuiteTestClassProcessor.stop(SuiteTestClassProcessor.java:63)
	at java.base/jdk.internal.reflect.NativeMethodAccessorImpl.invoke0(Native Method)
	at java.base/jdk.internal.reflect.NativeMethodAccessorImpl.invoke(NativeMethodAccessorImpl.java:77)
	at java.base/jdk.internal.reflect.DelegatingMethodAccessorImpl.invoke(DelegatingMethodAccessorImpl.java:43)
	at java.base/java.lang.reflect.Method.invoke(Method.java:568)
	at org.gradle.internal.dispatch.ReflectionDispatch.dispatch(ReflectionDispatch.java:36)
	at org.gradle.internal.dispatch.ReflectionDispatch.dispatch(ReflectionDispatch.java:24)
	at org.gradle.internal.dispatch.ContextClassLoaderDispatch.dispatch(ContextClassLoaderDispatch.java:33)
	at org.gradle.internal.dispatch.ProxyDispatchAdapter$DispatchingInvocationHandler.invoke(ProxyDispatchAdapter.java:92)
	at jdk.proxy1/jdk.proxy1.$Proxy4.stop(Unknown Source)
	at org.gradle.api.internal.tasks.testing.worker.TestWorker$3.run(TestWorker.java:200)
	at org.gradle.api.internal.tasks.testing.worker.TestWorker.executeAndMaintainThreadName(TestWorker.java:132)
	at org.gradle.api.internal.tasks.testing.worker.TestWorker.execute(TestWorker.java:103)
	at org.gradle.api.internal.tasks.testing.worker.TestWorker.execute(TestWorker.java:63)
	at org.gradle.process.internal.worker.child.ActionExecutionWorker.execute(ActionExecutionWorker.java:56)
	at org.gradle.process.internal.worker.child.SystemApplicationClassLoaderWorker.call(SystemApplicationClassLoaderWorker.java:121)
	at org.gradle.process.internal.worker.child.SystemApplicationClassLoaderWorker.call(SystemApplicationClassLoaderWorker.java:71)
	at worker.org.gradle.process.internal.worker.GradleWorkerMain.run(GradleWorkerMain.java:69)
	at worker.org.gradle.process.internal.worker.GradleWorkerMain.main(GradleWorkerMain.java:74)
05:38:52.442 [Test worker] INFO com.example.topups.infrastructure.controllers.TopUpController -- Iniciando consulta de todas las recargas registradas.
05:38:52.443 [Test worker] INFO com.example.topups.infrastructure.controllers.dto.response.TopUpResponseDTO -- Iniciando conversión de la entidad TopUp a TopUpResponseDTO para la recarga con ID: 1
05:38:52.443 [Test worker] INFO com.example.topups.infrastructure.controllers.dto.response.TopUpResponseDTO -- Conversión exitosa: Monto=5000.0, Número de Teléfono=1234567890, UserId=null, OperatorId=1
05:38:52.443 [Test worker] INFO com.example.topups.infrastructure.controllers.TopUpController -- Consulta de todas las recargas exitosa. Total de recargas: 1
]]></system-out>
  <system-err><![CDATA[]]></system-err>
</testsuite>
